\BOOKMARK [0][-]{chapter.1}{\376\377\000I\000n\000t\000r\000o\000d\000u\000c\000t\000i\000o\000n}{}% 1
\BOOKMARK [1][-]{section.1.1}{\376\377\000M\000o\000t\000i\000v\000a\000t\000i\000o\000n}{chapter.1}% 2
\BOOKMARK [1][-]{section.1.2}{\376\377\000O\000b\000j\000e\000t\000i\000v\000o\000s}{chapter.1}% 3
\BOOKMARK [1][-]{section.1.3}{\376\377\000R\000e\000p\000o\000r\000t\000\040\000s\000t\000r\000u\000c\000t\000u\000r\000e}{chapter.1}% 4
\BOOKMARK [0][-]{chapter.2}{\376\377\000R\000e\000l\000a\000t\000e\000d\000\040\000w\000o\000r\000k}{}% 5
\BOOKMARK [1][-]{section.2.1}{\376\377\000S\000e\000c\000t\000i\000o\000n\000\040\0001}{chapter.2}% 6
\BOOKMARK [1][-]{section.2.2}{\376\377\000.\000.\000.}{chapter.2}% 7
\BOOKMARK [0][-]{chapter.3}{\376\377\000D\000e\000s\000i\000g\000n\000\040\000a\000n\000d\000\040\000d\000e\000v\000e\000l\000o\000p\000m\000e\000n\000t}{}% 8
\BOOKMARK [1][-]{section.3.1}{\376\377\000I\000n\000t\000r\000o\000d\000u\000c\000t\000i\000o\000n}{chapter.3}% 9
\BOOKMARK [1][-]{section.3.2}{\376\377\000N\000e\000t\000w\000o\000r\000k\000\040\000a\000r\000c\000h\000i\000t\000e\000c\000t\000u\000r\000e\000s}{chapter.3}% 10
\BOOKMARK [1][-]{section.3.3}{\376\377\000T\000r\000a\000i\000n\000i\000n\000g\000\040\000p\000r\000o\000c\000e\000s\000s}{chapter.3}% 11
\BOOKMARK [1][-]{section.3.4}{\376\377\000E\000x\000p\000e\000r\000i\000m\000e\000n\000t\000a\000l\000\040\000s\000e\000t\000u\000p}{chapter.3}% 12
\BOOKMARK [0][-]{chapter.4}{\376\377\000E\000v\000a\000l\000u\000a\000t\000i\000o\000n}{}% 13
\BOOKMARK [1][-]{section.4.1}{\376\377\000S\000e\000c\000t\000i\000o\000n\000\040\0001}{chapter.4}% 14
\BOOKMARK [1][-]{section.4.2}{\376\377\000.\000.\000.}{chapter.4}% 15
\BOOKMARK [0][-]{chapter.5}{\376\377\000C\000o\000n\000c\000l\000u\000s\000i\000o\000n\000s\000\040\000a\000n\000d\000\040\000f\000u\000t\000u\000r\000e\000\040\000w\000o\000r\000k}{}% 16
\BOOKMARK [1][-]{section.5.1}{\376\377\000C\000o\000n\000c\000l\000u\000s\000i\000o\000n\000s}{chapter.5}% 17
\BOOKMARK [1][-]{section.5.2}{\376\377\000F\000u\000t\000u\000r\000e\000\040\000w\000o\000r\000k}{chapter.5}% 18
\BOOKMARK [0][-]{section*.11}{\376\377\000A\000p\000p\000e\000n\000d\000i\000x}{}% 19
\BOOKMARK [0][-]{appendix.A}{\376\377\000A\000p\000p\000e\000n\000d\000i\000x\000-\000c\000h\000a\000p\000t\000e\000r\000\040\0001}{}% 20
